<?xml version='1.0' encoding='UTF-8'?>
<testsuite hostname="DESKTOP-M6KJMLN" name="InterpreterTest" tests="47" errors="0" failures="0" skipped="0" time="0.128" timestamp="2023-07-15T10:18:29">
          <properties>
[...]
</properties>
          <testcase classname="InterpreterTest" name="Interpreter Test Expressions 1" time="0.043">
                      
                    </testcase><testcase classname="InterpreterTest" name="Interpreter Test Expressions 2: Comma" time="0.0">
                      
                    </testcase><testcase classname="InterpreterTest" name="Interpreter Test Expressions 3: Ternary Operator" time="0.003">
                      
                    </testcase><testcase classname="InterpreterTest" name="Interpreter Test Expressions 4: Ternary Operator" time="0.0">
                      
                    </testcase><testcase classname="InterpreterTest" name="Interpreter Test Expressions 5: String" time="0.001">
                      
                    </testcase><testcase classname="InterpreterTest" name="Interpreter Test Expressions 6: Equality Comparison" time="0.0">
                      
                    </testcase><testcase classname="InterpreterTest" name="Interpreter Test Expressions 7: Ordered Comparison" time="0.001">
                      
                    </testcase><testcase classname="InterpreterTest" name="Interpreter Test Divide By 0" time="0.0">
                      
                    </testcase><testcase classname="InterpreterTest" name="Interpreter Test Compare Mismatch" time="0.0">
                      
                    </testcase><testcase classname="InterpreterTest" name="Interpreter Test 8: Ordered Comparison" time="0.0">
                      
                    </testcase><testcase classname="InterpreterTest" name="Interpreter Test 9: Variable Declaration" time="0.028">
                      
                    </testcase><testcase classname="InterpreterTest" name="Interpreter Test 10: Variable Assignment" time="0.002">
                      
                    </testcase><testcase classname="InterpreterTest" name="Interpreter Test 11: Variable Use Before Definition" time="0.001">
                      
                    </testcase><testcase classname="InterpreterTest" name="Interpreter Test 12: Variable Use Before Initialization" time="0.001">
                      
                    </testcase><testcase classname="InterpreterTest" name="Interpreter Test 13: Variable Assignment + Ternary Operator" time="0.001">
                      
                    </testcase><testcase classname="InterpreterTest" name="Interpreter Test 14: If Conditional" time="0.002">
                      
                    </testcase><testcase classname="InterpreterTest" name="Interpreter Test 14.1: If Conditional" time="0.0">
                      
                    </testcase><testcase classname="InterpreterTest" name="Interpreter Test 15: Logical Or" time="0.001">
                      
                    </testcase><testcase classname="InterpreterTest" name="Interpreter Test 15.1: Logical Or" time="0.001">
                      
                    </testcase><testcase classname="InterpreterTest" name="Interpreter Test 16: Logical And" time="0.0">
                      
                    </testcase><testcase classname="InterpreterTest" name="Interpreter Test 17: For Loop" time="0.006">
                      
                    </testcase><testcase classname="InterpreterTest" name="Interpreter Test 18: While Loop" time="0.001">
                      
                    </testcase><testcase classname="InterpreterTest" name="Interpreter Test 19: While Loop with Break" time="0.004">
                      
                    </testcase><testcase classname="InterpreterTest" name="Interpreter Test 19.1: While Loop with Break" time="0.002">
                      
                    </testcase><testcase classname="InterpreterTest" name="Interpreter Test 20: While Loop with Continue" time="0.003">
                      
                    </testcase><testcase classname="InterpreterTest" name="Interpreter Test 21: Calling Native Functions" time="0.002">
                      
                    </testcase><testcase classname="InterpreterTest" name="Interpreter Test 22: Declaring and Using Functions" time="0.003">
                      
                    </testcase><testcase classname="InterpreterTest" name="Interpreter Test 23: Recursive Functions" time="0.001">
                      
                    </testcase><testcase classname="InterpreterTest" name="Interpreter Test 24: Closures" time="0.001">
                      
                    </testcase><testcase classname="InterpreterTest" name="Interpreter Test 25: Lambda Functions" time="0.0">
                      
                    </testcase><testcase classname="InterpreterTest" name="Interpreter Test 25.1: Lambda Functions" time="0.0">
                      
                    </testcase><testcase classname="InterpreterTest" name="Interpreter Test 25.2: Lambda Functions" time="0.001">
                      
                    </testcase><testcase classname="InterpreterTest" name="Interpreter Test 25.3: Lambda Functions" time="0.0">
                      
                    </testcase><testcase classname="InterpreterTest" name="Interpreter Test 25.4: Lambda Functions" time="0.001">
                      
                    </testcase><testcase classname="InterpreterTest" name="Interpreter Test 26: Properly Closed Functions" time="0.001">
                      
                    </testcase><testcase classname="InterpreterTest" name="Interpreter Test 27: Unused Local Variable" time="0.001">
                      
                    </testcase><testcase classname="InterpreterTest" name="Interpreter Test 28: Return From Top Level" time="0.001">
                      
                    </testcase><testcase classname="InterpreterTest" name="Interpreter Test 28.1: Continue From Top Level" time="0.0">
                      
                    </testcase><testcase classname="InterpreterTest" name="Interpreter Test 28.2: Break From Top Level" time="0.0">
                      
                    </testcase><testcase classname="InterpreterTest" name="Interpreter Test 29: Class Fields Getting and Setting" time="0.006">
                      
                    </testcase><testcase classname="InterpreterTest" name="Interpreter Test 29.1: Try to get unset field" time="0.001">
                      
                    </testcase><testcase classname="InterpreterTest" name="Interpreter Test 30: Calling a method" time="0.0">
                      
                    </testcase><testcase classname="InterpreterTest" name="Interpreter Test 31: Calling a method with 'this' keyword" time="0.002">
                      
                    </testcase><testcase classname="InterpreterTest" name="Interpreter Test 32: Class with initializer" time="0.001">
                      
                    </testcase><testcase classname="InterpreterTest" name="Interpreter Test 33: Class with Getter" time="0.001">
                      
                    </testcase><testcase classname="InterpreterTest" name="Interpreter Test 34: Inheriting a method from superclass." time="0.001">
                      
                    </testcase><testcase classname="InterpreterTest" name="Interpreter Test 34: Overriding with Super.." time="0.003">
                      
                    </testcase>
          <system-out><![CDATA[]]></system-out>
          <system-err><![CDATA[]]></system-err>
        </testsuite>